<?xml version="1.0" encoding="UTF-8"?>
<testng-results ignored="0" total="7" passed="7" failed="0" skipped="0">
  <reporter-output>
  </reporter-output>
  <suite started-at="2025-03-22T17:13:51 IST" name="Suite" finished-at="2025-03-22T17:15:26 IST" duration-ms="95285">
    <groups>
    </groups>
    <test started-at="2025-03-22T17:13:51 IST" name="Test" finished-at="2025-03-22T17:15:26 IST" duration-ms="95285">
      <class name="Miniproject1.Mini1.DemoBlaze">
        <test-method signature="runsignupTest()[pri:1, instance:Miniproject1.Mini1.DemoBlaze@3d8bbcdc]" started-at="2025-03-22T17:13:51 IST" name="runsignupTest" finished-at="2025-03-22T17:13:53 IST" duration-ms="2391" status="PASS">
          <reporter-output>
          </reporter-output>
        </test-method> <!-- runsignupTest -->
        <test-method signature="runloginTest()[pri:2, instance:Miniproject1.Mini1.DemoBlaze@3d8bbcdc]" started-at="2025-03-22T17:13:53 IST" name="runloginTest" finished-at="2025-03-22T17:13:56 IST" duration-ms="2689" status="PASS">
          <reporter-output>
          </reporter-output>
        </test-method> <!-- runloginTest -->
        <test-method signature="runVerifyCategories()[pri:3, instance:Miniproject1.Mini1.DemoBlaze@3d8bbcdc]" started-at="2025-03-22T17:13:56 IST" name="runVerifyCategories" finished-at="2025-03-22T17:14:56 IST" duration-ms="60177" status="PASS">
          <reporter-output>
          </reporter-output>
        </test-method> <!-- runVerifyCategories -->
        <test-method signature="runProductDetails()[pri:4, instance:Miniproject1.Mini1.DemoBlaze@3d8bbcdc]" started-at="2025-03-22T17:14:56 IST" name="runProductDetails" finished-at="2025-03-22T17:15:00 IST" duration-ms="4637" status="PASS">
          <reporter-output>
          </reporter-output>
        </test-method> <!-- runProductDetails -->
        <test-method signature="testAddAndDeleteProductFromCart()[pri:5, instance:Miniproject1.Mini1.DemoBlaze@3d8bbcdc]" started-at="2025-03-22T17:15:00 IST" name="testAddAndDeleteProductFromCart" finished-at="2025-03-22T17:15:13 IST" duration-ms="12549" status="PASS">
          <reporter-output>
          </reporter-output>
        </test-method> <!-- testAddAndDeleteProductFromCart -->
        <test-method signature="testPlaceOrderButtonAvailability()[pri:6, instance:Miniproject1.Mini1.DemoBlaze@3d8bbcdc]" started-at="2025-03-22T17:15:13 IST" name="testPlaceOrderButtonAvailability" finished-at="2025-03-22T17:15:18 IST" duration-ms="4633" status="PASS">
          <reporter-output>
          </reporter-output>
        </test-method> <!-- testPlaceOrderButtonAvailability -->
        <test-method signature="testOrderWindowAvailability()[pri:7, instance:Miniproject1.Mini1.DemoBlaze@3d8bbcdc]" started-at="2025-03-22T17:15:18 IST" name="testOrderWindowAvailability" finished-at="2025-03-22T17:15:26 IST" duration-ms="8126" status="PASS">
          <reporter-output>
          </reporter-output>
        </test-method> <!-- testOrderWindowAvailability -->
      </class> <!-- Miniproject1.Mini1.DemoBlaze -->
    </test> <!-- Test -->
  </suite> <!-- Suite -->
</testng-results>
