<?xml version="1.0" encoding="UTF-8"?>
<!-- Generated by org.testng.reporters.JUnitXMLReporter -->
<testsuite ignored="0" hostname="DESKTOP-9CV0EI5" failures="0" tests="7" name="Test" time="95.285" errors="0" timestamp="2025-03-22T17:15:26 IST">
  <testcase classname="Miniproject1.Mini1.DemoBlaze" name="runsignupTest" time="2.391"/>
  <testcase classname="Miniproject1.Mini1.DemoBlaze" name="runloginTest" time="2.689"/>
  <testcase classname="Miniproject1.Mini1.DemoBlaze" name="runVerifyCategories" time="60.177"/>
  <testcase classname="Miniproject1.Mini1.DemoBlaze" name="runProductDetails" time="4.637"/>
  <testcase classname="Miniproject1.Mini1.DemoBlaze" name="testAddAndDeleteProductFromCart" time="12.549"/>
  <testcase classname="Miniproject1.Mini1.DemoBlaze" name="testPlaceOrderButtonAvailability" time="4.633"/>
  <testcase classname="Miniproject1.Mini1.DemoBlaze" name="testOrderWindowAvailability" time="8.126"/>
</testsuite> <!-- Test -->
